2022-01-17 21:13:24,193 INFO  [org.jboss.modules] (main) JBoss Modules version 2.0.0.Final
2022-01-17 21:13:24,703 INFO  [org.jboss.msc] (main) JBoss MSC version 1.4.13.Final
2022-01-17 21:13:24,708 INFO  [org.jboss.threads] (main) JBoss Threads version 2.4.0.Final
2022-01-17 21:13:24,777 INFO  [org.jboss.as] (MSC service thread 1-2) WFLYSRV0049: WildFly Full 26.0.0.Final (WildFly Core 18.0.0.Final) starting
2022-01-17 21:13:24,778 DEBUG [org.jboss.as.config] (MSC service thread 1-2) Configured system properties:
	file.encoding = Cp1252
	file.separator = \
	java.awt.headless = true
	java.class.path = C:\Users\oumaima\wildfly-26.0.0.Final\jboss-modules.jar
	java.class.version = 61.0
	java.home = C:\Users\oumaima\.p2\pool\plugins\org.eclipse.justj.openjdk.hotspot.jre.full.win32.x86_64_17.0.1.v20211116-1657\jre
	java.io.tmpdir = C:\Users\oumaima\AppData\Local\Temp\
	java.library.path = C:\Users\oumaima\.p2\pool\plugins\org.eclipse.justj.openjdk.hotspot.jre.full.win32.x86_64_17.0.1.v20211116-1657\jre\bin;C:\WINDOWS\Sun\Java\bin;C:\WINDOWS\system32;C:\WINDOWS;native;C:/Users/oumaima/.p2/pool/plugins/org.eclipse.justj.openjdk.hotspot.jre.full.win32.x86_64_17.0.1.v20211116-1657/jre/bin/server;C:/Users/oumaima/.p2/pool/plugins/org.eclipse.justj.openjdk.hotspot.jre.full.win32.x86_64_17.0.1.v20211116-1657/jre/bin;C:\ProgramData\Oracle\Java\javapath;C:\Python310\Scripts\;C:\Python310\;C:\Program Files\Eclipse Adoptium\jdk-17.0.1.12-hotspot\bin;C:\Python39\Scripts\;C:\Python39\;C:\WINDOWS\system32;C:\WINDOWS;C:\WINDOWS\System32\Wbem;C:\WINDOWS\System32\WindowsPowerShell\v1.0\;C:\WINDOWS\System32\OpenSSH\;C:\ProgramData\chocolatey\bin;C:\Program Files\Inkscape\bin;C:\Program Files\PuTTY\;C:\msys64;C:\Program Files\CodeBlocks\MinGW\bin;C:\Program Files\CMake\bin;C:\Users\oumaima\AppData\Roaming\nvm;C:\Program Files\nodejs;C:\Ruby30-x64\bin;C:\Users\oumaima\AppData\Local\Microsoft\WindowsApps;C:\Users\oumaima\AppData\Local\Programs\Microsoft VS Code\bin;C:\Users\oumaima\AppData\Roaming\npm;C:\Users\oumaima\AppData\Roaming\nvm;C:\Program Files\nodejs;C:\opencv\build\x64\vc15\bin;C:\curl\bin;;C:\WINDOWS\System32;;.
	java.net.preferIPv4Stack = true
	java.runtime.name = OpenJDK Runtime Environment
	java.runtime.version = 17.0.1+12
	java.specification.name = Java Platform API Specification
	java.specification.vendor = Oracle Corporation
	java.specification.version = 17
	java.util.logging.manager = org.jboss.logmanager.LogManager
	java.vendor = Eclipse Adoptium
	java.vendor.url = https://adoptium.net/
	java.vendor.url.bug = https://github.com/adoptium/adoptium-support/issues
	java.vendor.version = Temurin-17.0.1+12
	java.version = 17.0.1
	java.version.date = 2021-10-19
	java.vm.compressedOopsMode = 32-bit
	java.vm.info = mixed mode
	java.vm.name = OpenJDK 64-Bit Server VM
	java.vm.specification.name = Java Virtual Machine Specification
	java.vm.specification.vendor = Oracle Corporation
	java.vm.specification.version = 17
	java.vm.vendor = Eclipse Adoptium
	java.vm.version = 17.0.1+12
	javax.management.builder.initial = org.jboss.as.jmx.PluggableMBeanServerBuilder
	jboss.bind.address = localhost
	jboss.bind.address.management = localhost
	jboss.home.dir = C:\Users\oumaima\wildfly-26.0.0.Final
	jboss.host.name = desktop-a6ii4aa
	jboss.modules.dir = C:\Users\oumaima\wildfly-26.0.0.Final\modules
	jboss.modules.system.pkgs = org.jboss.byteman
	jboss.node.name = desktop-a6ii4aa
	jboss.qualified.host.name = desktop-a6ii4aa
	jboss.server.base.dir = C:\Users\oumaima\wildfly-26.0.0.Final\standalone
	jboss.server.config.dir = C:\Users\oumaima\wildfly-26.0.0.Final\standalone\configuration
	jboss.server.data.dir = C:\Users\oumaima\wildfly-26.0.0.Final\standalone\data
	jboss.server.deploy.dir = C:\Users\oumaima\wildfly-26.0.0.Final\standalone\data\content
	jboss.server.log.dir = C:\Users\oumaima\wildfly-26.0.0.Final\standalone\log
	jboss.server.name = desktop-a6ii4aa
	jboss.server.persist.config = true
	jboss.server.temp.dir = C:\Users\oumaima\wildfly-26.0.0.Final\standalone\tmp
	jdk.debug = release
	line.separator = 

	logging.configuration = file:C:\Users\oumaima\wildfly-26.0.0.Final\standalone\configuration\logging.properties
	module.path = C:\Users\oumaima\wildfly-26.0.0.Final\modules
	native.encoding = Cp1252
	org.jboss.boot.log.file = C:\Users\oumaima\wildfly-26.0.0.Final\standalone\log\boot.log
	org.jboss.logmanager.nocolor = true
	org.jboss.resolver.warning = true
	os.arch = amd64
	os.name = Windows 10
	os.version = 10.0
	path.separator = ;
	program.name = JBossTools: WildFly 24+
	sun.arch.data.model = 64
	sun.boot.library.path = C:\Users\oumaima\.p2\pool\plugins\org.eclipse.justj.openjdk.hotspot.jre.full.win32.x86_64_17.0.1.v20211116-1657\jre\bin
	sun.cpu.endian = little
	sun.cpu.isalist = amd64
	sun.io.unicode.encoding = UnicodeLittle
	sun.java.command = org.jboss.modules.Main -mp C:\Users\oumaima\wildfly-26.0.0.Final\modules org.jboss.as.standalone -b localhost --server-config=standalone.xml -Djboss.server.base.dir=C:\Users\oumaima\wildfly-26.0.0.Final\standalone
	sun.java.launcher = SUN_STANDARD
	sun.jnu.encoding = Cp1252
	sun.management.compiler = HotSpot 64-Bit Tiered Compilers
	sun.os.patch.level = 
	sun.rmi.dgc.client.gcInterval = 3600000
	sun.rmi.dgc.server.gcInterval = 3600000
	user.country = US
	user.country.format = UM
	user.dir = C:\Users\oumaima\wildfly-26.0.0.Final\bin
	user.home = C:\Users\oumaima
	user.language = en
	user.name = oumaima
	user.script = 
	user.timezone = Africa/Lagos
	user.variant = 
2022-01-17 21:13:24,780 DEBUG [org.jboss.as.config] (MSC service thread 1-2) VM Arguments: -Dprogram.name=JBossTools: WildFly 24+ -Xms64m -Xmx512m -Dorg.jboss.resolver.warning=true -Djava.net.preferIPv4Stack=true -Dsun.rmi.dgc.client.gcInterval=3600000 -Dsun.rmi.dgc.server.gcInterval=3600000 -Djboss.modules.system.pkgs=org.jboss.byteman -Djava.awt.headless=true -Dorg.jboss.boot.log.file=C:\Users\oumaima\wildfly-26.0.0.Final\standalone\log\boot.log -Dlogging.configuration=file:C:\Users\oumaima\wildfly-26.0.0.Final\standalone\configuration\logging.properties -Djboss.home.dir=C:\Users\oumaima\wildfly-26.0.0.Final -Dorg.jboss.logmanager.nocolor=true --add-exports=java.desktop/sun.awt=ALL-UNNAMED --add-exports=java.naming/com.sun.jndi.ldap=ALL-UNNAMED --add-opens=java.base/java.lang=ALL-UNNAMED --add-opens=java.base/java.lang.invoke=ALL-UNNAMED --add-opens=java.base/java.lang.reflect=ALL-UNNAMED --add-opens=java.base/java.io=ALL-UNNAMED --add-opens=java.base/java.security=ALL-UNNAMED --add-opens=java.base/java.util=ALL-UNNAMED --add-opens=java.base/java.util.concurrent=ALL-UNNAMED --add-opens=java.management/javax.management=ALL-UNNAMED --add-opens=java.naming/javax.naming=ALL-UNNAMED --add-exports=java.base/sun.nio.ch=ALL-UNNAMED --add-exports=jdk.unsupported/sun.misc=ALL-UNNAMED --add-exports=jdk.unsupported/sun.reflect=ALL-UNNAMED --add-modules=java.se -Djboss.bind.address.management=localhost -Dfile.encoding=Cp1252 -XX:+ShowCodeDetailsInExceptionMessages 
2022-01-17 21:13:25,187 INFO  [org.wildfly.security] (ServerService Thread Pool -- 27) ELY00001: WildFly Elytron version 1.18.1.Final
2022-01-17 21:13:25,566 INFO  [org.jboss.as.server.deployment.scanner] (DeploymentScanner-threads - 1) WFLYDS0004: Found projet-JEE.war in deployment directory. To trigger deployment create a file called projet-JEE.war.dodeploy
2022-01-17 21:13:25,598 INFO  [org.jboss.as.server] (Controller Boot Thread) WFLYSRV0039: Creating http management service using socket-binding (management-http)
2022-01-17 21:13:25,609 INFO  [org.xnio] (MSC service thread 1-6) XNIO version 3.8.5.Final
2022-01-17 21:13:25,614 INFO  [org.xnio.nio] (MSC service thread 1-6) XNIO NIO Implementation Version 3.8.5.Final
2022-01-17 21:13:25,636 INFO  [org.jboss.as.jaxrs] (ServerService Thread Pool -- 56) WFLYRS0016: RESTEasy version 4.7.4.Final
2022-01-17 21:13:25,638 WARN  [org.jboss.as.txn] (ServerService Thread Pool -- 74) WFLYTX0013: The node-identifier attribute on the /subsystem=transactions is set to the default value. This is a danger for environments running multiple servers. Please make sure the attribute value is unique.
2022-01-17 21:13:25,643 INFO  [org.wildfly.extension.microprofile.jwt.smallrye] (ServerService Thread Pool -- 65) WFLYJWT0001: Activating MicroProfile JWT Subsystem
2022-01-17 21:13:25,643 INFO  [org.wildfly.extension.io] (ServerService Thread Pool -- 55) WFLYIO001: Worker 'default' has auto-configured to 16 IO threads with 128 max task threads based on your 8 available processors
2022-01-17 21:13:25,644 INFO  [org.wildfly.extension.microprofile.config.smallrye] (ServerService Thread Pool -- 64) WFLYCONF0001: Activating MicroProfile Config Subsystem
2022-01-17 21:13:25,647 INFO  [org.wildfly.extension.elytron.oidc._private] (ServerService Thread Pool -- 52) WFLYOIDC0001: Activating WildFly Elytron OIDC Subsystem
2022-01-17 21:13:25,650 INFO  [org.wildfly.extension.health] (ServerService Thread Pool -- 53) WFLYHEALTH0001: Activating Base Health Subsystem
2022-01-17 21:13:25,653 INFO  [org.jboss.as.clustering.infinispan] (ServerService Thread Pool -- 54) WFLYCLINF0001: Activating Infinispan subsystem.
2022-01-17 21:13:25,657 INFO  [org.wildfly.extension.microprofile.opentracing] (ServerService Thread Pool -- 66) WFLYTRACEXT0001: Activating MicroProfile OpenTracing Subsystem
2022-01-17 21:13:25,660 INFO  [org.jboss.as.jsf] (ServerService Thread Pool -- 61) WFLYJSF0007: Activated the following Jakarta Server Faces Implementations: [main]
2022-01-17 21:13:25,661 INFO  [org.wildfly.extension.metrics] (ServerService Thread Pool -- 63) WFLYMETRICS0001: Activating Base Metrics Subsystem
2022-01-17 21:13:25,668 INFO  [org.jboss.as.naming] (ServerService Thread Pool -- 67) WFLYNAM0001: Activating Naming Subsystem
2022-01-17 21:13:25,682 INFO  [org.jboss.as.webservices] (ServerService Thread Pool -- 76) WFLYWS0002: Activating WebServices Extension
2022-01-17 21:13:25,714 INFO  [org.wildfly.extension.undertow] (MSC service thread 1-8) WFLYUT0003: Undertow 2.2.14.Final starting
2022-01-17 21:13:25,750 INFO  [org.jboss.as.connector] (MSC service thread 1-6) WFLYJCA0009: Starting Jakarta Connectors Subsystem (WildFly/IronJacamar 1.5.3.Final)
2022-01-17 21:13:25,750 INFO  [org.jboss.as.connector.subsystems.datasources] (ServerService Thread Pool -- 44) WFLYJCA0004: Deploying JDBC-compliant driver class org.h2.Driver (version 1.4)
2022-01-17 21:13:25,774 INFO  [org.jboss.remoting] (MSC service thread 1-6) JBoss Remoting version 5.0.23.Final
2022-01-17 21:13:25,779 INFO  [org.jboss.as.connector.deployers.jdbc] (MSC service thread 1-8) WFLYJCA0018: Started Driver service with driver-name = h2
2022-01-17 21:13:25,780 INFO  [org.jboss.as.naming] (MSC service thread 1-8) WFLYNAM0003: Starting Naming Service
2022-01-17 21:13:25,784 WARN  [org.wildfly.extension.elytron] (MSC service thread 1-7) WFLYELY00023: KeyStore file 'C:\Users\oumaima\wildfly-26.0.0.Final\standalone\configuration\application.keystore' does not exist. Used blank.
2022-01-17 21:13:25,790 INFO  [org.jboss.as.mail.extension] (MSC service thread 1-8) WFLYMAIL0001: Bound mail session [java:jboss/mail/Default]
2022-01-17 21:13:25,806 INFO  [org.wildfly.extension.undertow] (ServerService Thread Pool -- 75) WFLYUT0014: Creating file handler for path 'C:\Users\oumaima\wildfly-26.0.0.Final/welcome-content' with options [directory-listing: 'false', follow-symlink: 'false', case-sensitive: 'true', safe-symlink-paths: '[]']
2022-01-17 21:13:25,808 WARN  [org.wildfly.extension.elytron] (MSC service thread 1-7) WFLYELY01084: KeyStore C:\Users\oumaima\wildfly-26.0.0.Final\standalone\configuration\application.keystore not found, it will be auto generated on first use with a self-signed certificate for host localhost
2022-01-17 21:13:25,857 INFO  [org.wildfly.extension.undertow] (MSC service thread 1-7) WFLYUT0012: Started server default-server.
2022-01-17 21:13:25,868 INFO  [org.wildfly.extension.undertow] (MSC service thread 1-8) Queuing requests.
2022-01-17 21:13:25,869 INFO  [org.wildfly.extension.undertow] (MSC service thread 1-8) WFLYUT0018: Host default-host starting
2022-01-17 21:13:25,886 INFO  [org.jboss.as.ejb3] (MSC service thread 1-3) WFLYEJB0481: Strict pool slsb-strict-max-pool is using a max instance size of 128 (per class), which is derived from thread worker pool sizing.
2022-01-17 21:13:25,886 INFO  [org.jboss.as.ejb3] (MSC service thread 1-4) WFLYEJB0482: Strict pool mdb-strict-max-pool is using a max instance size of 32 (per class), which is derived from the number of CPUs on this host.
2022-01-17 21:13:25,963 INFO  [org.wildfly.extension.undertow] (MSC service thread 1-2) WFLYUT0006: Undertow HTTP listener default listening on 127.0.0.1:8080
2022-01-17 21:13:25,984 INFO  [org.wildfly.extension.undertow] (MSC service thread 1-2) WFLYUT0006: Undertow HTTPS listener https listening on 127.0.0.1:8443
2022-01-17 21:13:26,011 INFO  [org.jboss.as.ejb3] (MSC service thread 1-2) WFLYEJB0493: Jakarta Enterprise Beans subsystem suspension complete
2022-01-17 21:13:26,056 INFO  [org.jboss.as.connector.subsystems.datasources] (MSC service thread 1-7) WFLYJCA0001: Bound data source [java:jboss/datasources/ExampleDS]
2022-01-17 21:13:26,129 INFO  [org.jboss.as.patching] (MSC service thread 1-5) WFLYPAT0050: WildFly Full cumulative patch ID is: base, one-off patches include: none
